<?xml version="1.0" encoding="UTF-8"?>
<!-- Generated by org.testng.reporters.JUnitReportReporter -->
<testsuite hostname="DESKTOP-VAL96U8" failures="0" tests="5" name="GuruTelecom.ChromeGuruTelecom" time="14.293" errors="1" timestamp="2020-10-30T20:04:45 EDT" skipped="4">
  <testcase classname="GuruTelecom.ChromeGuruTelecom" name="addTariffPlan" time="0.000">
    <skipped/>
  </testcase> <!-- addTariffPlan -->
  <system-out/>
  <testcase classname="GuruTelecom.ChromeGuruTelecom" name="addTariffToCustomer" time="0.000">
    <skipped/>
  </testcase> <!-- addTariffToCustomer -->
  <system-out/>
  <testcase classname="GuruTelecom.ChromeGuruTelecom" name="setUp" time="14.293">
    <error message="session not created
from chrome not reachable
  (Session info: chrome=86.0.4240.75)
Build info: version: &#039;3.141.59&#039;, revision: &#039;e82be7d358&#039;, time: &#039;2018-11-14T08:17:03&#039;
System info: host: &#039;DESKTOP-VAL96U8&#039;, ip: &#039;192.168.0.24&#039;, os.name: &#039;Windows 10&#039;, os.arch: &#039;amd64&#039;, os.version: &#039;10.0&#039;, java.version: &#039;14&#039;
Driver info: driver.version: ChromeDriver
remote stacktrace: Backtrace:
	Ordinal0 [0x0120D383+3134339]
	Ordinal0 [0x010FA171+2007409]
	Ordinal0 [0x00F9AD90+568720]
	Ordinal0 [0x00F91364+529252]
	Ordinal0 [0x00F919FC+530940]
	Ordinal0 [0x00F92C15+535573]
	Ordinal0 [0x00F8DFC5+516037]
	Ordinal0 [0x00F9BF70+573296]
	Ordinal0 [0x00F41916+203030]
	Ordinal0 [0x00F40C1D+199709]
	Ordinal0 [0x00F3EB0B+191243]
	Ordinal0 [0x00F22E77+77431]
	Ordinal0 [0x00F23E3E+81470]
	Ordinal0 [0x00F23DC9+81353]
	Ordinal0 [0x01110CD9+2100441]
	GetHandleVerifier [0x0137B75A+1396954]
	GetHandleVerifier [0x0137B3D9+1396057]
	GetHandleVerifier [0x01387126+1444518]
	GetHandleVerifier [0x0137BCE8+1398376]
	Ordinal0 [0x01107F51+2064209]
	Ordinal0 [0x011122EB+2106091]
	Ordinal0 [0x01112411+2106385]
	Ordinal0 [0x011249C4+2181572]
	BaseThreadInitThunk [0x76A4FA29+25]
	RtlGetAppContainerNamedObjectPath [0x77C675F4+228]
	RtlGetAppContainerNamedObjectPath [0x77C675C4+180]
" type="org.openqa.selenium.SessionNotCreatedException">
      <![CDATA[org.openqa.selenium.SessionNotCreatedException: session not created
from chrome not reachable
  (Session info: chrome=86.0.4240.75)
Build info: version: '3.141.59', revision: 'e82be7d358', time: '2018-11-14T08:17:03'
System info: host: 'DESKTOP-VAL96U8', ip: '192.168.0.24', os.name: 'Windows 10', os.arch: 'amd64', os.version: '10.0', java.version: '14'
Driver info: driver.version: ChromeDriver
remote stacktrace: Backtrace:
Ordinal0 [0x0120D383+3134339]
Ordinal0 [0x010FA171+2007409]
Ordinal0 [0x00F9AD90+568720]
Ordinal0 [0x00F91364+529252]
Ordinal0 [0x00F919FC+530940]
Ordinal0 [0x00F92C15+535573]
Ordinal0 [0x00F8DFC5+516037]
Ordinal0 [0x00F9BF70+573296]
Ordinal0 [0x00F41916+203030]
Ordinal0 [0x00F40C1D+199709]
Ordinal0 [0x00F3EB0B+191243]
Ordinal0 [0x00F22E77+77431]
Ordinal0 [0x00F23E3E+81470]
Ordinal0 [0x00F23DC9+81353]
Ordinal0 [0x01110CD9+2100441]
GetHandleVerifier [0x0137B75A+1396954]
GetHandleVerifier [0x0137B3D9+1396057]
GetHandleVerifier [0x01387126+1444518]
GetHandleVerifier [0x0137BCE8+1398376]
Ordinal0 [0x01107F51+2064209]
Ordinal0 [0x011122EB+2106091]
Ordinal0 [0x01112411+2106385]
Ordinal0 [0x011249C4+2181572]
BaseThreadInitThunk [0x76A4FA29+25]
RtlGetAppContainerNamedObjectPath [0x77C675F4+228]
RtlGetAppContainerNamedObjectPath [0x77C675C4+180]

at java.base/jdk.internal.reflect.NativeConstructorAccessorImpl.newInstance0(Native Method)
at java.base/jdk.internal.reflect.NativeConstructorAccessorImpl.newInstance(NativeConstructorAccessorImpl.java:62)
at java.base/jdk.internal.reflect.DelegatingConstructorAccessorImpl.newInstance(DelegatingConstructorAccessorImpl.java:45)
at java.base/java.lang.reflect.Constructor.newInstanceWithCaller(Constructor.java:500)
at java.base/java.lang.reflect.Constructor.newInstance(Constructor.java:481)
at org.openqa.selenium.remote.W3CHandshakeResponse.lambda$errorHandler$0(W3CHandshakeResponse.java:62)
at org.openqa.selenium.remote.HandshakeResponse.lambda$getResponseFunction$0(HandshakeResponse.java:30)
at org.openqa.selenium.remote.ProtocolHandshake.lambda$createSession$0(ProtocolHandshake.java:126)
at java.base/java.util.stream.ReferencePipeline$3$1.accept(ReferencePipeline.java:195)
at java.base/java.util.Spliterators$ArraySpliterator.tryAdvance(Spliterators.java:958)
at java.base/java.util.stream.ReferencePipeline.forEachWithCancel(ReferencePipeline.java:127)
at java.base/java.util.stream.AbstractPipeline.copyIntoWithCancel(AbstractPipeline.java:502)
at java.base/java.util.stream.AbstractPipeline.copyInto(AbstractPipeline.java:488)
at java.base/java.util.stream.AbstractPipeline.wrapAndCopyInto(AbstractPipeline.java:474)
at java.base/java.util.stream.FindOps$FindOp.evaluateSequential(FindOps.java:150)
at java.base/java.util.stream.AbstractPipeline.evaluate(AbstractPipeline.java:234)
at java.base/java.util.stream.ReferencePipeline.findFirst(ReferencePipeline.java:543)
at org.openqa.selenium.remote.ProtocolHandshake.createSession(ProtocolHandshake.java:128)
at org.openqa.selenium.remote.ProtocolHandshake.createSession(ProtocolHandshake.java:74)
at org.openqa.selenium.remote.HttpCommandExecutor.execute(HttpCommandExecutor.java:136)
at org.openqa.selenium.remote.service.DriverCommandExecutor.execute(DriverCommandExecutor.java:83)
at org.openqa.selenium.remote.RemoteWebDriver.execute(RemoteWebDriver.java:552)
at org.openqa.selenium.remote.RemoteWebDriver.startSession(RemoteWebDriver.java:213)
at org.openqa.selenium.remote.RemoteWebDriver.<init>(RemoteWebDriver.java:131)
at org.openqa.selenium.chrome.ChromeDriver.<init>(ChromeDriver.java:181)
at org.openqa.selenium.chrome.ChromeDriver.<init>(ChromeDriver.java:168)
at org.openqa.selenium.chrome.ChromeDriver.<init>(ChromeDriver.java:123)
at GuruTelecom.ChromeGuruTelecom.setUp(ChromeGuruTelecom.java:114)
at java.base/jdk.internal.reflect.NativeMethodAccessorImpl.invoke0(Native Method)
at java.base/jdk.internal.reflect.NativeMethodAccessorImpl.invoke(NativeMethodAccessorImpl.java:62)
at java.base/jdk.internal.reflect.DelegatingMethodAccessorImpl.invoke(DelegatingMethodAccessorImpl.java:43)
at java.base/java.lang.reflect.Method.invoke(Method.java:564)
at org.testng.internal.MethodInvocationHelper.invokeMethod(MethodInvocationHelper.java:132)
at org.testng.internal.MethodInvocationHelper.invokeMethodConsideringTimeout(MethodInvocationHelper.java:61)
at org.testng.internal.ConfigInvoker.invokeConfigurationMethod(ConfigInvoker.java:366)
at org.testng.internal.ConfigInvoker.invokeConfigurations(ConfigInvoker.java:320)
at org.testng.SuiteRunner.privateRun(SuiteRunner.java:327)
at org.testng.SuiteRunner.run(SuiteRunner.java:286)
at org.testng.SuiteRunnerWorker.runSuite(SuiteRunnerWorker.java:53)
at org.testng.SuiteRunnerWorker.run(SuiteRunnerWorker.java:96)
at org.testng.TestNG.runSuitesSequentially(TestNG.java:1218)
at org.testng.TestNG.runSuitesLocally(TestNG.java:1140)
at org.testng.TestNG.runSuites(TestNG.java:1069)
at org.testng.TestNG.run(TestNG.java:1037)
at org.testng.remote.AbstractRemoteTestNG.run(AbstractRemoteTestNG.java:115)
at org.testng.remote.RemoteTestNG.initAndRun(RemoteTestNG.java:251)
at org.testng.remote.RemoteTestNG.main(RemoteTestNG.java:77)
]]>
    </error>
  </testcase> <!-- setUp -->
  <system-out/>
  <testcase classname="GuruTelecom.ChromeGuruTelecom" name="payBilling" time="0.000">
    <skipped/>
  </testcase> <!-- payBilling -->
  <system-out/>
  <testcase classname="GuruTelecom.ChromeGuruTelecom" name="addCustomer" time="0.000">
    <skipped/>
  </testcase> <!-- addCustomer -->
  <system-out/>
</testsuite> <!-- GuruTelecom.ChromeGuruTelecom -->
